<?xml version="1.0" encoding="UTF-8"?>
<!-- Generated by org.testng.reporters.JUnitReportReporter -->
<testsuite hostname="crv" name="es.upo.cal.Tester_ListImplementation" tests="10" failures="0" timestamp="1 Oct 2016 19:11:13 GMT" time="0.024" errors="0">
  <testcase name="add" time="0.010" classname="es.upo.cal.Tester_ListImplementation"/>
  <testcase name="clOne" time="0.001" classname="es.upo.cal.Tester_ListImplementation"/>
  <testcase name="clear_isEmpty" time="0.002" classname="es.upo.cal.Tester_ListImplementation"/>
  <testcase name="add2_get" time="0.002" classname="es.upo.cal.Tester_ListImplementation"/>
  <testcase name="add_size" time="0.002" classname="es.upo.cal.Tester_ListImplementation"/>
  <testcase name="clone_equals" time="0.001" classname="es.upo.cal.Tester_ListImplementation"/>
  <testcase name="add_get" time="0.001" classname="es.upo.cal.Tester_ListImplementation"/>
  <testcase name="iterator" time="0.001" classname="es.upo.cal.Tester_ListImplementation"/>
  <testcase name="add_contains" time="0.003" classname="es.upo.cal.Tester_ListImplementation"/>
  <testcase name="indexOf" time="0.001" classname="es.upo.cal.Tester_ListImplementation"/>
</testsuite> <!-- es.upo.cal.Tester_ListImplementation -->
